

Microchip MPLAB XC8 Assembler V2.40 build 20220703182018 
                                                                                               Thu Apr 04 22:05:27 2024

Microchip MPLAB XC8 C Compiler v2.40 (Free license) build 20220703182018 Og1 
     1                           	processor	16F887
     2                           	pagewidth 120
     3                           	opt	flic
     4                           	psect	nvCOMMON,global,class=COMMON,space=1,delta=1,noexec
     5                           	psect	cinit,global,class=CODE,merge=1,delta=2
     6                           	psect	bssCOMMON,global,class=COMMON,space=1,delta=1,noexec
     7                           	psect	cstackCOMMON,global,class=COMMON,space=1,delta=1,noexec
     8                           	psect	cstackBANK0,global,class=BANK0,space=1,delta=1,noexec
     9                           	psect	maintext,global,class=CODE,split=1,delta=2
    10                           	psect	text1,local,class=CODE,merge=1,delta=2
    11                           	psect	text2,local,class=CODE,merge=1,delta=2
    12                           	psect	text3,local,class=CODE,merge=1,delta=2
    13                           	psect	text4,local,class=CODE,merge=1,delta=2
    14                           	psect	text5,local,class=CODE,merge=1,delta=2
    15                           	psect	intentry,global,class=CODE,delta=2
    16                           	psect	text6,local,class=CODE,merge=1,delta=2
    17                           	psect	text7,local,class=CODE,merge=1,delta=2
    18                           	psect	text8,local,class=CODE,merge=1,delta=2
    19                           	psect	text9,local,class=CODE,merge=1,delta=2
    20                           	psect	idloc,global,abs,ovrld,class=IDLOC,space=5,delta=2,noexec
    21                           	psect	config,global,abs,ovrld,class=CONFIG,space=4,delta=2,noexec
    22                           	dabs	1,0x7E,2
    23     0000                     
    24                           ; Version 2.40
    25                           ; Generated 17/11/2021 GMT
    26                           ; 
    27                           ; Copyright © 2021, Microchip Technology Inc. and its subsidiaries ("Microchip")
    28                           ; All rights reserved.
    29                           ; 
    30                           ; This software is developed by Microchip Technology Inc. and its subsidiaries ("Microch
      +                          ip").
    31                           ; 
    32                           ; Redistribution and use in source and binary forms, with or without modification, are
    33                           ; permitted provided that the following conditions are met:
    34                           ; 
    35                           ;     1. Redistributions of source code must retain the above copyright notice, this lis
      +                          t of
    36                           ;        conditions and the following disclaimer.
    37                           ; 
    38                           ;     2. Redistributions in binary form must reproduce the above copyright notice, this 
      +                          list
    39                           ;        of conditions and the following disclaimer in the documentation and/or other
    40                           ;        materials provided with the distribution. Publication is not required when
    41                           ;        this file is used in an embedded application.
    42                           ; 
    43                           ;     3. Microchip's name may not be used to endorse or promote products derived from th
      +                          is
    44                           ;        software without specific prior written permission.
    45                           ; 
    46                           ; THIS SOFTWARE IS PROVIDED BY MICROCHIP "AS IS" AND ANY EXPRESS OR IMPLIED WARRANTIES,
    47                           ; INCLUDING, BUT NOT LIMITED TO, THE IMPLIED WARRANTIES OF MERCHANTABILITY AND FITNESS F
      +                          OR
    48                           ; PURPOSE ARE DISCLAIMED.  IN NO EVENT SHALL MICROCHIP BE LIABLE FOR ANY DIRECT, INDIREC
      +                          T,
    49                           ; INCIDENTAL, SPECIAL, EXEMPLARY, OR CONSEQUENTIAL DAMAGES (INCLUDING BUT NOT LIMITED TO
    50                           ; PROCUREMENT OF SUBSTITUTE GOODS OR SERVICES; LOSS OF USE, DATA OR PROFITS; OR BUSINESS
    51                           ; INTERRUPTION) HOWSOEVER CAUSED AND ON ANY THEORY OF LIABILITY, WHETHER IN CONTRACT, ST
      +                          RICT
    52                           ; LIABILITY, OR TORT (INCLUDING NEGLIGENCE OR OTHERWISE) ARISING IN ANY WAY OUT OF THE U
      +                          SE OF
    53                           ; THIS SOFTWARE, EVEN IF ADVISED OF THE POSSIBILITY OF SUCH DAMAGE.
    54                           ; 
    55                           ; 
    56                           ; Code-generator required, PIC16F887 Definitions
    57                           ; 
    58                           ; SFR Addresses
    59     0000                     	;# 
    60     0001                     	;# 
    61     0002                     	;# 
    62     0003                     	;# 
    63     0004                     	;# 
    64     0005                     	;# 
    65     0006                     	;# 
    66     0007                     	;# 
    67     0008                     	;# 
    68     0009                     	;# 
    69     000A                     	;# 
    70     000B                     	;# 
    71     000C                     	;# 
    72     000D                     	;# 
    73     000E                     	;# 
    74     000E                     	;# 
    75     000F                     	;# 
    76     0010                     	;# 
    77     0011                     	;# 
    78     0012                     	;# 
    79     0013                     	;# 
    80     0014                     	;# 
    81     0015                     	;# 
    82     0015                     	;# 
    83     0016                     	;# 
    84     0017                     	;# 
    85     0018                     	;# 
    86     0019                     	;# 
    87     001A                     	;# 
    88     001B                     	;# 
    89     001B                     	;# 
    90     001C                     	;# 
    91     001D                     	;# 
    92     001E                     	;# 
    93     001F                     	;# 
    94     0081                     	;# 
    95     0085                     	;# 
    96     0086                     	;# 
    97     0087                     	;# 
    98     0088                     	;# 
    99     0089                     	;# 
   100     008C                     	;# 
   101     008D                     	;# 
   102     008E                     	;# 
   103     008F                     	;# 
   104     0090                     	;# 
   105     0091                     	;# 
   106     0092                     	;# 
   107     0093                     	;# 
   108     0093                     	;# 
   109     0093                     	;# 
   110     0094                     	;# 
   111     0095                     	;# 
   112     0096                     	;# 
   113     0097                     	;# 
   114     0098                     	;# 
   115     0099                     	;# 
   116     009A                     	;# 
   117     009B                     	;# 
   118     009C                     	;# 
   119     009D                     	;# 
   120     009E                     	;# 
   121     009F                     	;# 
   122     0105                     	;# 
   123     0107                     	;# 
   124     0108                     	;# 
   125     0109                     	;# 
   126     010C                     	;# 
   127     010C                     	;# 
   128     010D                     	;# 
   129     010E                     	;# 
   130     010F                     	;# 
   131     0185                     	;# 
   132     0187                     	;# 
   133     0188                     	;# 
   134     0189                     	;# 
   135     018C                     	;# 
   136     018D                     	;# 
   137     0000                     	;# 
   138     0001                     	;# 
   139     0002                     	;# 
   140     0003                     	;# 
   141     0004                     	;# 
   142     0005                     	;# 
   143     0006                     	;# 
   144     0007                     	;# 
   145     0008                     	;# 
   146     0009                     	;# 
   147     000A                     	;# 
   148     000B                     	;# 
   149     000C                     	;# 
   150     000D                     	;# 
   151     000E                     	;# 
   152     000E                     	;# 
   153     000F                     	;# 
   154     0010                     	;# 
   155     0011                     	;# 
   156     0012                     	;# 
   157     0013                     	;# 
   158     0014                     	;# 
   159     0015                     	;# 
   160     0015                     	;# 
   161     0016                     	;# 
   162     0017                     	;# 
   163     0018                     	;# 
   164     0019                     	;# 
   165     001A                     	;# 
   166     001B                     	;# 
   167     001B                     	;# 
   168     001C                     	;# 
   169     001D                     	;# 
   170     001E                     	;# 
   171     001F                     	;# 
   172     0081                     	;# 
   173     0085                     	;# 
   174     0086                     	;# 
   175     0087                     	;# 
   176     0088                     	;# 
   177     0089                     	;# 
   178     008C                     	;# 
   179     008D                     	;# 
   180     008E                     	;# 
   181     008F                     	;# 
   182     0090                     	;# 
   183     0091                     	;# 
   184     0092                     	;# 
   185     0093                     	;# 
   186     0093                     	;# 
   187     0093                     	;# 
   188     0094                     	;# 
   189     0095                     	;# 
   190     0096                     	;# 
   191     0097                     	;# 
   192     0098                     	;# 
   193     0099                     	;# 
   194     009A                     	;# 
   195     009B                     	;# 
   196     009C                     	;# 
   197     009D                     	;# 
   198     009E                     	;# 
   199     009F                     	;# 
   200     0105                     	;# 
   201     0107                     	;# 
   202     0108                     	;# 
   203     0109                     	;# 
   204     010C                     	;# 
   205     010C                     	;# 
   206     010D                     	;# 
   207     010E                     	;# 
   208     010F                     	;# 
   209     0185                     	;# 
   210     0187                     	;# 
   211     0188                     	;# 
   212     0189                     	;# 
   213     018C                     	;# 
   214     018D                     	;# 
   215                           
   216                           	psect	nvCOMMON
   217     007A                     __pnvCOMMON:
   218     007A                     _dato_rx:
   219     007A                     	ds	1
   220     0005                     _PORTA	set	5
   221     0014                     _SSPCON	set	20
   222     0013                     _SSPBUF	set	19
   223     0014                     _SSPCONbits	set	20
   224     000D                     _PIR2bits	set	13
   225     000C                     _PIR1bits	set	12
   226     000B                     _INTCON	set	11
   227     0008                     _PORTD	set	8
   228     0093                     _SSPADD	set	147
   229     0094                     _SSPSTAT	set	148
   230     0087                     _TRISCbits	set	135
   231     0094                     _SSPSTATbits	set	148
   232     008D                     _PIE2bits	set	141
   233     008C                     _PIE1bits	set	140
   234     0088                     _TRISD	set	136
   235     0085                     _TRISA	set	133
   236     04A0                     _BF	set	1184
   237     0188                     _ANSEL	set	392
   238                           
   239                           	psect	cinit
   240     000F                     start_initialization:	
   241                           ; #config settings
   242                           
   243     000F                     __initialization:
   244                           
   245                           ; Clear objects allocated to COMMON
   246     000F  01F7               	clrf	__pbssCOMMON& (0+127)
   247     0010  01F8               	clrf	(__pbssCOMMON+1)& (0+127)
   248     0011  01F9               	clrf	(__pbssCOMMON+2)& (0+127)
   249     0012                     end_of_initialization:	
   250                           ;End of C runtime variable initialization code
   251                           
   252     0012                     __end_of__initialization:
   253     0012  0183               	clrf	3
   254     0013  120A  118A  2859   	ljmp	_main	;jump to C main() function
   255                           
   256                           	psect	bssCOMMON
   257     0077                     __pbssCOMMON:
   258     0077                     _z:
   259     0077                     	ds	2
   260     0079                     _temp1:
   261     0079                     	ds	1
   262                           
   263                           	psect	cstackCOMMON
   264     0070                     __pcstackCOMMON:
   265     0070                     ?_entradas:
   266     0070                     ?_salidas:	
   267                           ; 1 bytes @ 0x0
   268                           
   269     0070                     ?_i2c_IntSetUpS:	
   270                           ; 1 bytes @ 0x0
   271                           
   272     0070                     ?_i2c_errorData:	
   273                           ; 1 bytes @ 0x0
   274                           
   275     0070                     ??_i2c_errorData:	
   276                           ; 1 bytes @ 0x0
   277                           
   278     0070                     ?_I2CSlave_init:	
   279                           ; 1 bytes @ 0x0
   280                           
   281     0070                     ?_I2CSlave_Write:	
   282                           ; 1 bytes @ 0x0
   283                           
   284     0070                     ??_I2CSlave_Write:	
   285                           ; 1 bytes @ 0x0
   286                           
   287     0070                     ?_I2CSlave_Read:	
   288                           ; 1 bytes @ 0x0
   289                           
   290     0070                     ??_I2CSlave_Read:	
   291                           ; 1 bytes @ 0x0
   292                           
   293     0070                     ?_main:	
   294                           ; 1 bytes @ 0x0
   295                           
   296     0070                     ?_INT_I2C:	
   297                           ; 1 bytes @ 0x0
   298                           
   299     0070                     ?_i2c_errorRead:	
   300                           ; 1 bytes @ 0x0
   301                           
   302     0070                     I2CSlave_Write@dato0:	
   303                           ; 2 bytes @ 0x0
   304                           
   305     0070                     I2CSlave_Read@dato:	
   306                           ; 1 bytes @ 0x0
   307                           
   308                           
   309                           ; 1 bytes @ 0x0
   310     0070                     	ds	2
   311     0072                     ??_i2c_errorRead:
   312                           
   313                           ; 1 bytes @ 0x2
   314     0072                     	ds	2
   315     0074                     _i2c_errorRead$288:
   316                           
   317                           ; 1 bytes @ 0x4
   318     0074                     	ds	1
   319     0075                     ??_INT_I2C:
   320                           
   321                           ; 1 bytes @ 0x5
   322     0075                     	ds	2
   323                           
   324                           	psect	cstackBANK0
   325     0020                     __pcstackBANK0:
   326     0020                     ??_entradas:
   327     0020                     ??_salidas:	
   328                           ; 1 bytes @ 0x0
   329                           
   330     0020                     ??_i2c_IntSetUpS:	
   331                           ; 1 bytes @ 0x0
   332                           
   333     0020                     ??_I2CSlave_init:	
   334                           ; 1 bytes @ 0x0
   335                           
   336     0020                     I2CSlave_init@address:	
   337                           ; 1 bytes @ 0x0
   338                           
   339                           
   340                           ; 1 bytes @ 0x0
   341     0020                     	ds	1
   342     0021                     ??_main:
   343                           
   344                           	psect	maintext
   345     0059                     __pmaintext:	
   346                           ; 1 bytes @ 0x1
   347 ;;
   348 ;;Main: autosize = 0, tempsize = 0, incstack = 0, save=0
   349 ;;
   350 ;; *************** function _main *****************
   351 ;; Defined at:
   352 ;;		line 17 in file "i2c_slave.c"
   353 ;; Parameters:    Size  Location     Type
   354 ;;		None
   355 ;; Auto vars:     Size  Location     Type
   356 ;;		None
   357 ;; Return value:  Size  Location     Type
   358 ;;                  1    wreg      void 
   359 ;; Registers used:
   360 ;;		wreg, status,2, status,0, pclath, cstack
   361 ;; Tracked objects:
   362 ;;		On entry : B00/0
   363 ;;		On exit  : 0/0
   364 ;;		Unchanged: 0/0
   365 ;; Data sizes:     COMMON   BANK0   BANK1   BANK3   BANK2
   366 ;;      Params:         0       0       0       0       0
   367 ;;      Locals:         0       0       0       0       0
   368 ;;      Temps:          0       0       0       0       0
   369 ;;      Totals:         0       0       0       0       0
   370 ;;Total ram usage:        0 bytes
   371 ;; Hardware stack levels required when called: 3
   372 ;; This function calls:
   373 ;;		_I2CSlave_init
   374 ;;		_entradas
   375 ;;		_i2c_IntSetUpS
   376 ;;		_salidas
   377 ;; This function is called by:
   378 ;;		Startup code after reset
   379 ;; This function uses a non-reentrant model
   380 ;;
   381                           
   382     0059                     _main:	
   383                           ;psect for function _main
   384                           
   385     0059                     l872:	
   386                           ;incstack = 0
   387                           ; Regs used in _main: [wreg+status,2+status,0+pclath+cstack]
   388                           
   389                           
   390                           ;i2c_slave.c: 18:     salidas();
   391     0059  120A  118A  20CC  120A  118A  	fcall	_salidas
   392                           
   393                           ;i2c_slave.c: 19:     entradas();
   394     005E  120A  118A  20BB  120A  118A  	fcall	_entradas
   395                           
   396                           ;i2c_slave.c: 20:     I2CSlave_init(0xA0);
   397     0063  30A0               	movlw	160
   398     0064  120A  118A  20A7  120A  118A  	fcall	_I2CSlave_init
   399     0069                     l874:
   400                           
   401                           ;i2c_slave.c: 21:     i2c_IntSetUpS();
   402     0069  120A  118A  20E8  120A  118A  	fcall	_i2c_IntSetUpS
   403     006E                     l876:
   404                           
   405                           ;i2c_slave.c: 24:         dato_rx = PORTA & 0x0F;
   406     006E  1283               	bcf	3,5	;RP0=0, select bank0
   407     006F  1303               	bcf	3,6	;RP1=0, select bank0
   408     0070  0805               	movf	5,w	;volatile
   409     0071  390F               	andlw	15
   410     0072  00FA               	movwf	_dato_rx
   411     0073                     l878:
   412                           
   413                           ;i2c_slave.c: 25:         PORTD = dato_rx;
   414     0073  087A               	movf	_dato_rx,w
   415     0074  0088               	movwf	8	;volatile
   416     0075  286E               	goto	l876
   417     0076  120A  118A  280C   	ljmp	start
   418     0079                     __end_of_main:
   419                           
   420                           	psect	text1
   421     00CC                     __ptext1:	
   422 ;; *************** function _salidas *****************
   423 ;; Defined at:
   424 ;;		line 51 in file "./config.h"
   425 ;; Parameters:    Size  Location     Type
   426 ;;		None
   427 ;; Auto vars:     Size  Location     Type
   428 ;;		None
   429 ;; Return value:  Size  Location     Type
   430 ;;                  1    wreg      void 
   431 ;; Registers used:
   432 ;;		wreg, status,2, status,0
   433 ;; Tracked objects:
   434 ;;		On entry : 0/0
   435 ;;		On exit  : 0/0
   436 ;;		Unchanged: 0/0
   437 ;; Data sizes:     COMMON   BANK0   BANK1   BANK3   BANK2
   438 ;;      Params:         0       0       0       0       0
   439 ;;      Locals:         0       0       0       0       0
   440 ;;      Temps:          0       1       0       0       0
   441 ;;      Totals:         0       1       0       0       0
   442 ;;Total ram usage:        1 bytes
   443 ;; Hardware stack levels used: 1
   444 ;; Hardware stack levels required when called: 2
   445 ;; This function calls:
   446 ;;		Nothing
   447 ;; This function is called by:
   448 ;;		_main
   449 ;; This function uses a non-reentrant model
   450 ;;
   451                           
   452     00CC                     _salidas:	
   453                           ;psect for function _salidas
   454                           
   455     00CC                     l820:	
   456                           ;incstack = 0
   457                           ; Regs used in _salidas: [wreg+status,2+status,0]
   458                           
   459                           
   460                           ;./config.h: 53:     TRISD &= ~(15<<0);
   461     00CC  30F0               	movlw	240
   462     00CD  1283               	bcf	3,5	;RP0=0, select bank0
   463     00CE  1303               	bcf	3,6	;RP1=0, select bank0
   464     00CF  00A0               	movwf	??_salidas
   465     00D0  0820               	movf	??_salidas,w
   466     00D1  1683               	bsf	3,5	;RP0=1, select bank1
   467     00D2  1303               	bcf	3,6	;RP1=0, select bank1
   468     00D3  0588               	andwf	8,f	;volatile
   469                           
   470                           ;./config.h: 54:     PORTD &= ~(15<<0);
   471     00D4  30F0               	movlw	240
   472     00D5  1283               	bcf	3,5	;RP0=0, select bank0
   473     00D6  1303               	bcf	3,6	;RP1=0, select bank0
   474     00D7  00A0               	movwf	??_salidas
   475     00D8  0820               	movf	??_salidas,w
   476     00D9  0588               	andwf	8,f	;volatile
   477     00DA                     l42:
   478     00DA  0008               	return
   479     00DB                     __end_of_salidas:
   480                           
   481                           	psect	text2
   482     00E8                     __ptext2:	
   483 ;; *************** function _i2c_IntSetUpS *****************
   484 ;; Defined at:
   485 ;;		line 60 in file "./config.h"
   486 ;; Parameters:    Size  Location     Type
   487 ;;		None
   488 ;; Auto vars:     Size  Location     Type
   489 ;;		None
   490 ;; Return value:  Size  Location     Type
   491 ;;                  1    wreg      void 
   492 ;; Registers used:
   493 ;;		None
   494 ;; Tracked objects:
   495 ;;		On entry : 0/0
   496 ;;		On exit  : 0/0
   497 ;;		Unchanged: 0/0
   498 ;; Data sizes:     COMMON   BANK0   BANK1   BANK3   BANK2
   499 ;;      Params:         0       0       0       0       0
   500 ;;      Locals:         0       0       0       0       0
   501 ;;      Temps:          0       0       0       0       0
   502 ;;      Totals:         0       0       0       0       0
   503 ;;Total ram usage:        0 bytes
   504 ;; Hardware stack levels used: 1
   505 ;; Hardware stack levels required when called: 2
   506 ;; This function calls:
   507 ;;		Nothing
   508 ;; This function is called by:
   509 ;;		_main
   510 ;; This function uses a non-reentrant model
   511 ;;
   512                           
   513     00E8                     _i2c_IntSetUpS:	
   514                           ;psect for function _i2c_IntSetUpS
   515                           
   516     00E8                     l866:	
   517                           ;incstack = 0
   518                           ; Regs used in _i2c_IntSetUpS: []
   519                           
   520                           
   521                           ;./config.h: 61:     INTCON |= (1 << 7);
   522     00E8  178B               	bsf	11,7	;volatile
   523                           
   524                           ;./config.h: 64:     INTCON |= (1 << 6);
   525     00E9  170B               	bsf	11,6	;volatile
   526                           
   527                           ;./config.h: 65:     PIE1bits.SSPIE = 1;
   528     00EA  1683               	bsf	3,5	;RP0=1, select bank1
   529     00EB  1303               	bcf	3,6	;RP1=0, select bank1
   530     00EC  158C               	bsf	12,3	;volatile
   531                           
   532                           ;./config.h: 66:     PIE2bits.BCLIE = 1;
   533     00ED  158D               	bsf	13,3	;volatile
   534                           
   535                           ;./config.h: 68:     PIR1bits.SSPIF = 0;
   536     00EE  1283               	bcf	3,5	;RP0=0, select bank0
   537     00EF  1303               	bcf	3,6	;RP1=0, select bank0
   538     00F0  118C               	bcf	12,3	;volatile
   539                           
   540                           ;./config.h: 69:     PIR2bits.BCLIF = 0;
   541     00F1  118D               	bcf	13,3	;volatile
   542     00F2                     l45:
   543     00F2  0008               	return
   544     00F3                     __end_of_i2c_IntSetUpS:
   545                           
   546                           	psect	text3
   547     00BB                     __ptext3:	
   548 ;; *************** function _entradas *****************
   549 ;; Defined at:
   550 ;;		line 46 in file "./config.h"
   551 ;; Parameters:    Size  Location     Type
   552 ;;		None
   553 ;; Auto vars:     Size  Location     Type
   554 ;;		None
   555 ;; Return value:  Size  Location     Type
   556 ;;                  1    wreg      void 
   557 ;; Registers used:
   558 ;;		wreg, status,2, status,0
   559 ;; Tracked objects:
   560 ;;		On entry : 0/0
   561 ;;		On exit  : 0/0
   562 ;;		Unchanged: 0/0
   563 ;; Data sizes:     COMMON   BANK0   BANK1   BANK3   BANK2
   564 ;;      Params:         0       0       0       0       0
   565 ;;      Locals:         0       0       0       0       0
   566 ;;      Temps:          0       1       0       0       0
   567 ;;      Totals:         0       1       0       0       0
   568 ;;Total ram usage:        1 bytes
   569 ;; Hardware stack levels used: 1
   570 ;; Hardware stack levels required when called: 2
   571 ;; This function calls:
   572 ;;		Nothing
   573 ;; This function is called by:
   574 ;;		_main
   575 ;; This function uses a non-reentrant model
   576 ;;
   577                           
   578     00BB                     _entradas:	
   579                           ;psect for function _entradas
   580                           
   581     00BB                     l818:	
   582                           ;incstack = 0
   583                           ; Regs used in _entradas: [wreg+status,2+status,0]
   584                           
   585                           
   586                           ;./config.h: 47:     ANSEL &= ~(15<<0);
   587     00BB  30F0               	movlw	240
   588     00BC  1283               	bcf	3,5	;RP0=0, select bank0
   589     00BD  1303               	bcf	3,6	;RP1=0, select bank0
   590     00BE  00A0               	movwf	??_entradas
   591     00BF  0820               	movf	??_entradas,w
   592     00C0  1683               	bsf	3,5	;RP0=1, select bank3
   593     00C1  1703               	bsf	3,6	;RP1=1, select bank3
   594     00C2  0588               	andwf	8,f	;volatile
   595                           
   596                           ;./config.h: 48:     TRISA |= (15<<0);
   597     00C3  300F               	movlw	15
   598     00C4  1283               	bcf	3,5	;RP0=0, select bank0
   599     00C5  1303               	bcf	3,6	;RP1=0, select bank0
   600     00C6  00A0               	movwf	??_entradas
   601     00C7  0820               	movf	??_entradas,w
   602     00C8  1683               	bsf	3,5	;RP0=1, select bank1
   603     00C9  1303               	bcf	3,6	;RP1=0, select bank1
   604     00CA  0485               	iorwf	5,f	;volatile
   605     00CB                     l39:
   606     00CB  0008               	return
   607     00CC                     __end_of_entradas:
   608                           
   609                           	psect	text4
   610     00A7                     __ptext4:	
   611 ;; *************** function _I2CSlave_init *****************
   612 ;; Defined at:
   613 ;;		line 20 in file "./slave_i2c.h"
   614 ;; Parameters:    Size  Location     Type
   615 ;;  address         1    wreg     unsigned char 
   616 ;; Auto vars:     Size  Location     Type
   617 ;;  address         1    0[BANK0 ] unsigned char 
   618 ;; Return value:  Size  Location     Type
   619 ;;                  1    wreg      void 
   620 ;; Registers used:
   621 ;;		wreg
   622 ;; Tracked objects:
   623 ;;		On entry : 0/0
   624 ;;		On exit  : 0/0
   625 ;;		Unchanged: 0/0
   626 ;; Data sizes:     COMMON   BANK0   BANK1   BANK3   BANK2
   627 ;;      Params:         0       0       0       0       0
   628 ;;      Locals:         0       1       0       0       0
   629 ;;      Temps:          0       0       0       0       0
   630 ;;      Totals:         0       1       0       0       0
   631 ;;Total ram usage:        1 bytes
   632 ;; Hardware stack levels used: 1
   633 ;; Hardware stack levels required when called: 2
   634 ;; This function calls:
   635 ;;		Nothing
   636 ;; This function is called by:
   637 ;;		_main
   638 ;; This function uses a non-reentrant model
   639 ;;
   640                           
   641     00A7                     _I2CSlave_init:	
   642                           ;psect for function _I2CSlave_init
   643                           
   644                           
   645                           ;incstack = 0
   646                           ; Regs used in _I2CSlave_init: [wreg]
   647                           ;I2CSlave_init@address stored from wreg
   648     00A7  1283               	bcf	3,5	;RP0=0, select bank0
   649     00A8  1303               	bcf	3,6	;RP1=0, select bank0
   650     00A9  00A0               	movwf	I2CSlave_init@address
   651     00AA                     l868:
   652                           
   653                           ;./slave_i2c.h: 23:     TRISCbits.TRISC3 = 1;
   654     00AA  1683               	bsf	3,5	;RP0=1, select bank1
   655     00AB  1303               	bcf	3,6	;RP1=0, select bank1
   656     00AC  1587               	bsf	7,3	;volatile
   657                           
   658                           ;./slave_i2c.h: 24:     TRISCbits.TRISC4 = 1;
   659     00AD  1607               	bsf	7,4	;volatile
   660     00AE                     l870:
   661                           
   662                           ;./slave_i2c.h: 26:     SSPSTAT = 0x80;
   663     00AE  3080               	movlw	128
   664     00AF  0094               	movwf	20	;volatile
   665                           
   666                           ;./slave_i2c.h: 27:     SSPADD = address;
   667     00B0  1283               	bcf	3,5	;RP0=0, select bank0
   668     00B1  1303               	bcf	3,6	;RP1=0, select bank0
   669     00B2  0820               	movf	I2CSlave_init@address,w
   670     00B3  1683               	bsf	3,5	;RP0=1, select bank1
   671     00B4  1303               	bcf	3,6	;RP1=0, select bank1
   672     00B5  0093               	movwf	19	;volatile
   673                           
   674                           ;./slave_i2c.h: 28:     SSPCON = 0x36;
   675     00B6  3036               	movlw	54
   676     00B7  1283               	bcf	3,5	;RP0=0, select bank0
   677     00B8  1303               	bcf	3,6	;RP1=0, select bank0
   678     00B9  0094               	movwf	20	;volatile
   679     00BA                     l78:
   680     00BA  0008               	return
   681     00BB                     __end_of_I2CSlave_init:
   682                           
   683                           	psect	text5
   684     0016                     __ptext5:	
   685 ;; *************** function _INT_I2C *****************
   686 ;; Defined at:
   687 ;;		line 30 in file "i2c_slave.c"
   688 ;; Parameters:    Size  Location     Type
   689 ;;		None
   690 ;; Auto vars:     Size  Location     Type
   691 ;;		None
   692 ;; Return value:  Size  Location     Type
   693 ;;                  1    wreg      void 
   694 ;; Registers used:
   695 ;;		wreg, status,2, status,0, pclath, cstack
   696 ;; Tracked objects:
   697 ;;		On entry : 0/0
   698 ;;		On exit  : 0/0
   699 ;;		Unchanged: 0/0
   700 ;; Data sizes:     COMMON   BANK0   BANK1   BANK3   BANK2
   701 ;;      Params:         0       0       0       0       0
   702 ;;      Locals:         0       0       0       0       0
   703 ;;      Temps:          2       0       0       0       0
   704 ;;      Totals:         2       0       0       0       0
   705 ;;Total ram usage:        2 bytes
   706 ;; Hardware stack levels used: 1
   707 ;; Hardware stack levels required when called: 1
   708 ;; This function calls:
   709 ;;		_I2CSlave_Read
   710 ;;		_I2CSlave_Write
   711 ;;		_i2c_errorData
   712 ;;		_i2c_errorRead
   713 ;; This function is called by:
   714 ;;		Interrupt level 1
   715 ;; This function uses a non-reentrant model
   716 ;;
   717                           
   718     0016                     _INT_I2C:	
   719                           ;psect for function _INT_I2C
   720                           
   721     0016                     i1l844:
   722                           
   723                           ;i2c_slave.c: 32:     if(PIR1bits.SSPIF == 1)
   724     0016  1283               	bcf	3,5	;RP0=0, select bank0
   725     0017  1303               	bcf	3,6	;RP1=0, select bank0
   726     0018  1D8C               	btfss	12,3	;volatile
   727     0019  281B               	goto	u19_21
   728     001A  281C               	goto	u19_20
   729     001B                     u19_21:
   730     001B  2852               	goto	i1l114
   731     001C                     u19_20:
   732     001C                     i1l846:
   733                           
   734                           ;i2c_slave.c: 33:     {;i2c_slave.c: 34:         if(i2c_errorRead() != 0){
   735     001C  120A  118A  2091  120A  118A  	fcall	_i2c_errorRead
   736     0021  0870               	movf	?_i2c_errorRead,w
   737     0022  0471               	iorwf	?_i2c_errorRead+1,w
   738     0023  1903               	btfsc	3,2
   739     0024  2826               	goto	u20_21
   740     0025  2827               	goto	u20_20
   741     0026                     u20_21:
   742     0026  282D               	goto	i1l109
   743     0027                     u20_20:
   744     0027                     i1l848:
   745                           
   746                           ;i2c_slave.c: 35:             i2c_errorData();
   747     0027  120A  118A  20F3  120A  118A  	fcall	_i2c_errorData
   748                           
   749                           ;i2c_slave.c: 36:         }
   750     002C  2845               	goto	i1l856
   751     002D                     i1l109:	
   752                           ;i2c_slave.c: 38:         else{
   753                           
   754                           
   755                           ;i2c_slave.c: 39:             if (!SSPSTATbits.R_nW){
   756     002D  1683               	bsf	3,5	;RP0=1, select bank1
   757     002E  1303               	bcf	3,6	;RP1=0, select bank1
   758     002F  1914               	btfsc	20,2	;volatile
   759     0030  2832               	goto	u21_21
   760     0031  2833               	goto	u21_20
   761     0032                     u21_21:
   762     0032  2839               	goto	i1l852
   763     0033                     u21_20:
   764     0033                     i1l850:
   765                           
   766                           ;i2c_slave.c: 40:                 dato_rx = I2CSlave_Write();
   767     0033  120A  118A  2079  120A  118A  	fcall	_I2CSlave_Write
   768     0038  00FA               	movwf	_dato_rx
   769     0039                     i1l852:
   770                           
   771                           ;i2c_slave.c: 43:             if (SSPSTATbits.R_nW){
   772     0039  1683               	bsf	3,5	;RP0=1, select bank1
   773     003A  1303               	bcf	3,6	;RP1=0, select bank1
   774     003B  1D14               	btfss	20,2	;volatile
   775     003C  283E               	goto	u22_21
   776     003D  283F               	goto	u22_20
   777     003E                     u22_21:
   778     003E  2845               	goto	i1l856
   779     003F                     u22_20:
   780     003F                     i1l854:
   781                           
   782                           ;i2c_slave.c: 44:                 I2CSlave_Read(dato_rx);
   783     003F  087A               	movf	_dato_rx,w
   784     0040  120A  118A  20DB  120A  118A  	fcall	_I2CSlave_Read
   785     0045                     i1l856:
   786                           
   787                           ;i2c_slave.c: 48:         if(PIR2bits.BCLIF == 1){
   788     0045  1283               	bcf	3,5	;RP0=0, select bank0
   789     0046  1303               	bcf	3,6	;RP1=0, select bank0
   790     0047  1D8D               	btfss	13,3	;volatile
   791     0048  284A               	goto	u23_21
   792     0049  284B               	goto	u23_20
   793     004A                     u23_21:
   794     004A  2851               	goto	i1l864
   795     004B                     u23_20:
   796     004B                     i1l858:
   797                           
   798                           ;i2c_slave.c: 49:             PORTD = (1<<3);
   799     004B  3008               	movlw	8
   800     004C  0088               	movwf	8	;volatile
   801                           
   802                           ;i2c_slave.c: 50:             temp1 = SSPBUF;
   803     004D  0813               	movf	19,w	;volatile
   804     004E  00F9               	movwf	_temp1
   805     004F                     i1l860:
   806                           
   807                           ;i2c_slave.c: 51:             PIR2bits.BCLIF = 0;
   808     004F  118D               	bcf	13,3	;volatile
   809     0050                     i1l862:
   810                           
   811                           ;i2c_slave.c: 52:             SSPCONbits.CKP = 1;
   812     0050  1614               	bsf	20,4	;volatile
   813     0051                     i1l864:
   814                           
   815                           ;i2c_slave.c: 54:         PIR1bits.SSPIF = 0;
   816     0051  118C               	bcf	12,3	;volatile
   817     0052                     i1l114:
   818     0052  0876               	movf	??_INT_I2C+1,w
   819     0053  008A               	movwf	10
   820     0054  0E75               	swapf	??_INT_I2C,w
   821     0055  0083               	movwf	3
   822     0056  0EFE               	swapf	btemp,f
   823     0057  0E7E               	swapf	btemp,w
   824     0058  0009               	retfie
   825     0059                     __end_of_INT_I2C:
   826                           
   827                           	psect	intentry
   828     0004                     __pintentry:	
   829                           ;incstack = 0
   830                           ; Regs used in _INT_I2C: [wreg+status,2+status,0+pclath+cstack]
   831                           
   832     0004                     interrupt_function:
   833     007E                     saved_w	set	btemp
   834     0004  00FE               	movwf	btemp
   835     0005  0E03               	swapf	3,w
   836     0006  00F5               	movwf	??_INT_I2C
   837     0007  080A               	movf	10,w
   838     0008  00F6               	movwf	??_INT_I2C+1
   839     0009  120A  118A  2816   	ljmp	_INT_I2C
   840                           
   841                           	psect	text6
   842     0091                     __ptext6:	
   843 ;; *************** function _i2c_errorRead *****************
   844 ;; Defined at:
   845 ;;		line 72 in file "./config.h"
   846 ;; Parameters:    Size  Location     Type
   847 ;;		None
   848 ;; Auto vars:     Size  Location     Type
   849 ;;		None
   850 ;; Return value:  Size  Location     Type
   851 ;;                  2    0[COMMON] short 
   852 ;; Registers used:
   853 ;;		wreg, status,2
   854 ;; Tracked objects:
   855 ;;		On entry : 0/0
   856 ;;		On exit  : 0/0
   857 ;;		Unchanged: 0/0
   858 ;; Data sizes:     COMMON   BANK0   BANK1   BANK3   BANK2
   859 ;;      Params:         2       0       0       0       0
   860 ;;      Locals:         1       0       0       0       0
   861 ;;      Temps:          2       0       0       0       0
   862 ;;      Totals:         5       0       0       0       0
   863 ;;Total ram usage:        5 bytes
   864 ;; Hardware stack levels used: 1
   865 ;; This function calls:
   866 ;;		Nothing
   867 ;; This function is called by:
   868 ;;		_INT_I2C
   869 ;; This function uses a non-reentrant model
   870 ;;
   871                           
   872     0091                     _i2c_errorRead:	
   873                           ;psect for function _i2c_errorRead
   874                           
   875     0091                     i1l822:	
   876                           ;incstack = 0
   877                           ; Regs used in _i2c_errorRead: [wreg+status,2]
   878                           
   879                           
   880                           ;./config.h: 73:     SSPCONbits.CKP = 0;
   881     0091  1283               	bcf	3,5	;RP0=0, select bank0
   882     0092  1303               	bcf	3,6	;RP1=0, select bank0
   883     0093  1214               	bcf	20,4	;volatile
   884                           
   885                           ;./config.h: 74:     return (SSPCONbits.SSPOV || (SSPCONbits.WCOL)) ? 1 : 0;
   886     0094  01F4               	clrf	_i2c_errorRead$288
   887     0095  0AF4               	incf	_i2c_errorRead$288,f
   888     0096  1B14               	btfsc	20,6	;volatile
   889     0097  2899               	goto	u17_21
   890     0098  289A               	goto	u17_20
   891     0099                     u17_21:
   892     0099  289F               	goto	i1l828
   893     009A                     u17_20:
   894     009A                     i1l824:
   895     009A  1B94               	btfsc	20,7	;volatile
   896     009B  289D               	goto	u18_21
   897     009C  289E               	goto	u18_20
   898     009D                     u18_21:
   899     009D  289F               	goto	i1l828
   900     009E                     u18_20:
   901     009E                     i1l826:
   902     009E  01F4               	clrf	_i2c_errorRead$288
   903     009F                     i1l828:
   904     009F  0874               	movf	_i2c_errorRead$288,w
   905     00A0  00F2               	movwf	??_i2c_errorRead
   906     00A1  01F3               	clrf	??_i2c_errorRead+1
   907     00A2  0872               	movf	??_i2c_errorRead,w
   908     00A3  00F0               	movwf	?_i2c_errorRead
   909     00A4  0873               	movf	??_i2c_errorRead+1,w
   910     00A5  00F1               	movwf	?_i2c_errorRead+1
   911     00A6                     i1l50:
   912     00A6  0008               	return
   913     00A7                     __end_of_i2c_errorRead:
   914                           
   915                           	psect	text7
   916     00F3                     __ptext7:	
   917 ;; *************** function _i2c_errorData *****************
   918 ;; Defined at:
   919 ;;		line 85 in file "./config.h"
   920 ;; Parameters:    Size  Location     Type
   921 ;;		None
   922 ;; Auto vars:     Size  Location     Type
   923 ;;  z               2    0        short 
   924 ;; Return value:  Size  Location     Type
   925 ;;                  1    wreg      void 
   926 ;; Registers used:
   927 ;;		wreg
   928 ;; Tracked objects:
   929 ;;		On entry : 0/0
   930 ;;		On exit  : 0/0
   931 ;;		Unchanged: 0/0
   932 ;; Data sizes:     COMMON   BANK0   BANK1   BANK3   BANK2
   933 ;;      Params:         0       0       0       0       0
   934 ;;      Locals:         0       0       0       0       0
   935 ;;      Temps:          0       0       0       0       0
   936 ;;      Totals:         0       0       0       0       0
   937 ;;Total ram usage:        0 bytes
   938 ;; Hardware stack levels used: 1
   939 ;; This function calls:
   940 ;;		Nothing
   941 ;; This function is called by:
   942 ;;		_INT_I2C
   943 ;; This function uses a non-reentrant model
   944 ;;
   945                           
   946     00F3                     _i2c_errorData:	
   947                           ;psect for function _i2c_errorData
   948                           
   949     00F3                     i1l722:	
   950                           ;incstack = 0
   951                           ; Regs used in _i2c_errorData: [wreg]
   952                           
   953                           
   954                           ;./config.h: 86:     short z;;./config.h: 87:     SSPCONbits.CKP = 0;
   955     00F3  1283               	bcf	3,5	;RP0=0, select bank0
   956     00F4  1303               	bcf	3,6	;RP1=0, select bank0
   957     00F5  1214               	bcf	20,4	;volatile
   958     00F6                     i1l724:
   959     00F6  0813               	movf	19,w	;volatile
   960     00F7                     i1l726:
   961                           
   962                           ;./config.h: 89:     SSPCONbits.SSPOV = 0;
   963     00F7  1314               	bcf	20,6	;volatile
   964     00F8                     i1l728:
   965                           
   966                           ;./config.h: 90:     SSPCONbits.WCOL = 0;
   967     00F8  1394               	bcf	20,7	;volatile
   968     00F9                     i1l730:
   969                           
   970                           ;./config.h: 91:     SSPCONbits.CKP = 1;
   971     00F9  1614               	bsf	20,4	;volatile
   972     00FA                     i1l732:
   973                           
   974                           ;./config.h: 92:     SSPCONbits.SSPM3 = 0;
   975     00FA  1194               	bcf	20,3	;volatile
   976     00FB                     i1l63:
   977     00FB  0008               	return
   978     00FC                     __end_of_i2c_errorData:
   979                           
   980                           	psect	text8
   981     0079                     __ptext8:	
   982 ;; *************** function _I2CSlave_Write *****************
   983 ;; Defined at:
   984 ;;		line 38 in file "./slave_i2c.h"
   985 ;; Parameters:    Size  Location     Type
   986 ;;		None
   987 ;; Auto vars:     Size  Location     Type
   988 ;;  temp            1    0        unsigned char 
   989 ;;  dato0           1    0[COMMON] unsigned char 
   990 ;;  regAdd          1    0        unsigned char 
   991 ;; Return value:  Size  Location     Type
   992 ;;                  1    wreg      unsigned char 
   993 ;; Registers used:
   994 ;;		wreg, status,2
   995 ;; Tracked objects:
   996 ;;		On entry : 0/0
   997 ;;		On exit  : 0/0
   998 ;;		Unchanged: 0/0
   999 ;; Data sizes:     COMMON   BANK0   BANK1   BANK3   BANK2
  1000 ;;      Params:         0       0       0       0       0
  1001 ;;      Locals:         1       0       0       0       0
  1002 ;;      Temps:          0       0       0       0       0
  1003 ;;      Totals:         1       0       0       0       0
  1004 ;;Total ram usage:        1 bytes
  1005 ;; Hardware stack levels used: 1
  1006 ;; This function calls:
  1007 ;;		Nothing
  1008 ;; This function is called by:
  1009 ;;		_INT_I2C
  1010 ;; This function uses a non-reentrant model
  1011 ;;
  1012                           
  1013     0079                     _I2CSlave_Write:	
  1014                           ;psect for function _I2CSlave_Write
  1015                           
  1016     0079                     i1l738:	
  1017                           ;incstack = 0
  1018                           ; Regs used in _I2CSlave_Write: [wreg+status,2]
  1019                           
  1020                           
  1021                           ;./slave_i2c.h: 41:     if(SSPSTATbits.D_nA == 0){
  1022     0079  1683               	bsf	3,5	;RP0=1, select bank1
  1023     007A  1303               	bcf	3,6	;RP1=0, select bank1
  1024     007B  1A94               	btfsc	20,5	;volatile
  1025     007C  287E               	goto	u3_21
  1026     007D  287F               	goto	u3_20
  1027     007E                     u3_21:
  1028     007E  2883               	goto	i1l748
  1029     007F                     u3_20:
  1030     007F                     i1l740:
  1031     007F                     i1l742:
  1032     007F                     i1l744:
  1033     007F  1283               	bcf	3,5	;RP0=0, select bank0
  1034     0080  1303               	bcf	3,6	;RP1=0, select bank0
  1035     0081  0813               	movf	19,w	;volatile
  1036     0082                     i1l746:
  1037                           
  1038                           ;./slave_i2c.h: 45:         SSPCONbits.CKP = 1;
  1039     0082  1614               	bsf	20,4	;volatile
  1040     0083                     i1l748:
  1041                           
  1042                           ;./slave_i2c.h: 48:     if(SSPSTATbits.D_nA == 1){
  1043     0083  1683               	bsf	3,5	;RP0=1, select bank1
  1044     0084  1303               	bcf	3,6	;RP1=0, select bank1
  1045     0085  1E94               	btfss	20,5	;volatile
  1046     0086  2888               	goto	u4_21
  1047     0087  2889               	goto	u4_20
  1048     0088                     u4_21:
  1049     0088  288D               	goto	i1l752
  1050     0089                     u4_20:
  1051     0089                     i1l750:
  1052                           
  1053                           ;./slave_i2c.h: 49:         dato0 = SSPBUF;
  1054     0089  1283               	bcf	3,5	;RP0=0, select bank0
  1055     008A  1303               	bcf	3,6	;RP1=0, select bank0
  1056     008B  0813               	movf	19,w	;volatile
  1057     008C  00F0               	movwf	I2CSlave_Write@dato0
  1058     008D                     i1l752:
  1059                           
  1060                           ;./slave_i2c.h: 51:     SSPCONbits.CKP = 1;
  1061     008D  1283               	bcf	3,5	;RP0=0, select bank0
  1062     008E  1614               	bsf	20,4	;volatile
  1063                           
  1064                           ;./slave_i2c.h: 52:     return dato0;
  1065     008F  0870               	movf	I2CSlave_Write@dato0,w
  1066     0090                     i1l83:
  1067     0090  0008               	return
  1068     0091                     __end_of_I2CSlave_Write:
  1069                           
  1070                           	psect	text9
  1071     00DB                     __ptext9:	
  1072 ;; *************** function _I2CSlave_Read *****************
  1073 ;; Defined at:
  1074 ;;		line 55 in file "./slave_i2c.h"
  1075 ;; Parameters:    Size  Location     Type
  1076 ;;  dato            1    wreg     unsigned char 
  1077 ;; Auto vars:     Size  Location     Type
  1078 ;;  dato            1    0[COMMON] unsigned char 
  1079 ;; Return value:  Size  Location     Type
  1080 ;;                  1    wreg      void 
  1081 ;; Registers used:
  1082 ;;		wreg
  1083 ;; Tracked objects:
  1084 ;;		On entry : 0/0
  1085 ;;		On exit  : 0/0
  1086 ;;		Unchanged: 0/0
  1087 ;; Data sizes:     COMMON   BANK0   BANK1   BANK3   BANK2
  1088 ;;      Params:         0       0       0       0       0
  1089 ;;      Locals:         1       0       0       0       0
  1090 ;;      Temps:          0       0       0       0       0
  1091 ;;      Totals:         1       0       0       0       0
  1092 ;;Total ram usage:        1 bytes
  1093 ;; Hardware stack levels used: 1
  1094 ;; This function calls:
  1095 ;;		Nothing
  1096 ;; This function is called by:
  1097 ;;		_INT_I2C
  1098 ;; This function uses a non-reentrant model
  1099 ;;
  1100                           
  1101     00DB                     _I2CSlave_Read:	
  1102                           ;psect for function _I2CSlave_Read
  1103                           
  1104                           
  1105                           ;incstack = 0
  1106                           ; Regs used in _I2CSlave_Read: [wreg]
  1107                           ;I2CSlave_Read@dato stored from wreg
  1108     00DB  00F0               	movwf	I2CSlave_Read@dato
  1109     00DC                     i1l756:
  1110                           
  1111                           ;./slave_i2c.h: 56:     SSPBUF = dato;
  1112     00DC  0870               	movf	I2CSlave_Read@dato,w
  1113     00DD  1283               	bcf	3,5	;RP0=0, select bank0
  1114     00DE  1303               	bcf	3,6	;RP1=0, select bank0
  1115     00DF  0093               	movwf	19	;volatile
  1116     00E0                     i1l758:
  1117                           
  1118                           ;./slave_i2c.h: 57:     SSPCONbits.CKP = 1;
  1119     00E0  1614               	bsf	20,4	;volatile
  1120     00E1                     i1l86:	
  1121                           ;./slave_i2c.h: 58:     while(BF);
  1122                           
  1123     00E1  1683               	bsf	3,5	;RP0=1, select bank1
  1124     00E2  1303               	bcf	3,6	;RP1=0, select bank1
  1125     00E3  1814               	btfsc	20,0	;volatile
  1126     00E4  28E6               	goto	u5_21
  1127     00E5  28E7               	goto	u5_20
  1128     00E6                     u5_21:
  1129     00E6  28E1               	goto	i1l86
  1130     00E7                     u5_20:
  1131     00E7                     i1l89:
  1132     00E7  0008               	return
  1133     00E8                     __end_of_I2CSlave_Read:
  1134     007E                     btemp	set	126	;btemp
  1135     007E                     wtemp0	set	126
  1136                           
  1137                           	psect	idloc
  1138                           
  1139                           ;Config register IDLOC0 @ 0x2000
  1140                           ;	unspecified, using default values
  1141     2000                     	org	8192
  1142     2000  3FFF               	dw	16383
  1143                           
  1144                           ;Config register IDLOC1 @ 0x2001
  1145                           ;	unspecified, using default values
  1146     2001                     	org	8193
  1147     2001  3FFF               	dw	16383
  1148                           
  1149                           ;Config register IDLOC2 @ 0x2002
  1150                           ;	unspecified, using default values
  1151     2002                     	org	8194
  1152     2002  3FFF               	dw	16383
  1153                           
  1154                           ;Config register IDLOC3 @ 0x2003
  1155                           ;	unspecified, using default values
  1156     2003                     	org	8195
  1157     2003  3FFF               	dw	16383
  1158                           
  1159                           	psect	config
  1160                           
  1161                           ;Config register CONFIG1 @ 0x2007
  1162                           ;	Oscillator Selection bits
  1163                           ;	FOSC = XT, XT oscillator: Crystal/resonator on RA6/OSC2/CLKOUT and RA7/OSC1/CLKIN
  1164                           ;	Watchdog Timer Enable bit
  1165                           ;	WDTE = OFF, WDT disabled and can be enabled by SWDTEN bit of the WDTCON register
  1166                           ;	Power-up Timer Enable bit
  1167                           ;	PWRTE = OFF, PWRT disabled
  1168                           ;	RE3/MCLR pin function select bit
  1169                           ;	MCLRE = ON, RE3/MCLR pin function is MCLR
  1170                           ;	Code Protection bit
  1171                           ;	CP = OFF, Program memory code protection is disabled
  1172                           ;	Data Code Protection bit
  1173                           ;	CPD = OFF, Data memory code protection is disabled
  1174                           ;	Brown Out Reset Selection bits
  1175                           ;	BOREN = OFF, BOR disabled
  1176                           ;	Internal External Switchover bit
  1177                           ;	IESO = OFF, Internal/External Switchover mode is disabled
  1178                           ;	Fail-Safe Clock Monitor Enabled bit
  1179                           ;	FCMEN = OFF, Fail-Safe Clock Monitor is disabled
  1180                           ;	Low Voltage Programming Enable bit
  1181                           ;	LVP = OFF, RB3 pin has digital I/O, HV on MCLR must be used for programming
  1182                           ;	In-Circuit Debugger Mode bit
  1183                           ;	DEBUG = 0x1, unprogrammed default
  1184     2007                     	org	8199
  1185     2007  20F1               	dw	8433
  1186                           
  1187                           ;Config register CONFIG2 @ 0x2008
  1188                           ;	Brown-out Reset Selection bit
  1189                           ;	BOR4V = BOR40V, Brown-out Reset set to 4.0V
  1190                           ;	Flash Program Memory Self Write Enable bits
  1191                           ;	WRT = OFF, Write protection off
  1192     2008                     	org	8200
  1193     2008  3FFF               	dw	16383

Data Sizes:
    Strings     0
    Constant    0
    Data        0
    BSS         3
    Persistent  1
    Stack       0

Auto Spaces:
    Space          Size  Autos    Used
    COMMON           14      7      11
    BANK0            80      1       1
    BANK1            80      0       0
    BANK3            96      0       0
    BANK2            96      0       0

Pointer List with Targets:

    None.

Critical Paths under _main in COMMON

    None.

Critical Paths under _INT_I2C in COMMON

    _INT_I2C->_i2c_errorRead

Critical Paths under _main in BANK0

    _main->_I2CSlave_init
    _main->_entradas
    _main->_salidas

Critical Paths under _INT_I2C in BANK0

    None.

Critical Paths under _main in BANK1

    None.

Critical Paths under _INT_I2C in BANK1

    None.

Critical Paths under _main in BANK3

    None.

Critical Paths under _INT_I2C in BANK3

    None.

Critical Paths under _main in BANK2

    None.

Critical Paths under _INT_I2C in BANK2

    None.

Call Graph Tables:

 ---------------------------------------------------------------------------------
 (Depth) Function   	        Calls       Base Space   Used Autos Params    Refs
 ---------------------------------------------------------------------------------
 (0) _main                                                 0     0      0      31
                      _I2CSlave_init
                           _entradas
                      _i2c_IntSetUpS
                            _salidas
 ---------------------------------------------------------------------------------
 (1) _salidas                                              1     1      0       0
                                              0 BANK0      1     1      0
 ---------------------------------------------------------------------------------
 (1) _i2c_IntSetUpS                                        0     0      0       0
 ---------------------------------------------------------------------------------
 (1) _entradas                                             1     1      0       0
                                              0 BANK0      1     1      0
 ---------------------------------------------------------------------------------
 (1) _I2CSlave_init                                        1     1      0      31
                                              0 BANK0      1     1      0
 ---------------------------------------------------------------------------------
 Estimated maximum stack depth 1
 ---------------------------------------------------------------------------------
 (Depth) Function   	        Calls       Base Space   Used Autos Params    Refs
 ---------------------------------------------------------------------------------
 (2) _INT_I2C                                              2     2      0      54
                                              5 COMMON     2     2      0
                      _I2CSlave_Read
                     _I2CSlave_Write
                      _i2c_errorData
                      _i2c_errorRead
 ---------------------------------------------------------------------------------
 (3) _i2c_errorRead                                        5     3      2      24
                                              0 COMMON     5     3      2
 ---------------------------------------------------------------------------------
 (3) _i2c_errorData                                        2     2      0       0
 ---------------------------------------------------------------------------------
 (3) _I2CSlave_Write                                       3     3      0      15
                                              0 COMMON     1     1      0
 ---------------------------------------------------------------------------------
 (3) _I2CSlave_Read                                        1     1      0      15
                                              0 COMMON     1     1      0
 ---------------------------------------------------------------------------------
 Estimated maximum stack depth 3
 ---------------------------------------------------------------------------------

 Call Graph Graphs:

 _main (ROOT)
   _I2CSlave_init
   _entradas
   _i2c_IntSetUpS
   _salidas

 _INT_I2C (ROOT)
   _I2CSlave_Read
   _I2CSlave_Write
   _i2c_errorData
   _i2c_errorRead

 Address spaces:
Name               Size   Autos  Total    Cost      Usage
BITCOMMON            E      0       0       0        0.0%
EEDATA             100      0       0       0        0.0%
NULL                 0      0       0       0        0.0%
CODE                 0      0       0       0        0.0%
COMMON               E      7       B       1       78.6%
BITSFR0              0      0       0       1        0.0%
SFR0                 0      0       0       1        0.0%
BITSFR1              0      0       0       2        0.0%
SFR1                 0      0       0       2        0.0%
STACK                0      0       0       2        0.0%
ABS                  0      0       C       3        0.0%
BITBANK0            50      0       0       4        0.0%
BITSFR3              0      0       0       4        0.0%
SFR3                 0      0       0       4        0.0%
BANK0               50      1       1       5        1.2%
BITSFR2              0      0       0       5        0.0%
SFR2                 0      0       0       5        0.0%
BITBANK1            50      0       0       6        0.0%
BANK1               50      0       0       7        0.0%
BITBANK3            60      0       0       8        0.0%
BANK3               60      0       0       9        0.0%
BITBANK2            60      0       0      10        0.0%
BANK2               60      0       0      11        0.0%
DATA                 0      0       C      12        0.0%


Microchip Technology PIC Macro Assembler V2.40 build 20220703182018 
Symbol Table                                                                                   Thu Apr 04 22:05:27 2024

                      _z 0077              _SSPSTATbits 0094                       _BF 04A0  
                     l42 00DA                       l45 00F2                       l39 00CB  
                     l78 00BA                      l820 00CC                      l818 00BB  
                    l870 00AE                      l872 0059                      l866 00E8  
                    l874 0069                      l868 00AA                      l876 006E  
                    l878 0073          __end_of_INT_I2C 0059                     i1l50 00A6  
                   i1l63 00FB                     i1l83 0090                     i1l86 00E1  
                   i1l89 00E7            _i2c_errorData 00F3                     u3_20 007F  
                   u3_21 007E                     u4_20 0089                     u4_21 0088  
                   u5_20 00E7                     u5_21 00E6            _i2c_errorRead 0091  
                   _main 0059                     btemp 007E                     start 000C  
                  ?_main 0070                    _ANSEL 0188                    i1l114 0052  
                  i1l109 002D                    i1l730 00F9                    i1l722 00F3  
                  i1l740 007F                    i1l732 00FA                    i1l724 00F6  
                  i1l750 0089                    i1l742 007F                    i1l726 00F7  
                  i1l822 0091                    i1l752 008D                    i1l744 007F  
                  i1l728 00F8                    i1l824 009A                    i1l746 0082  
                  i1l738 0079                    i1l826 009E                    i1l850 0033  
                  i1l756 00DC                    i1l748 0083                    i1l828 009F  
                  i1l860 004F                    i1l852 0039                    i1l844 0016  
                  i1l758 00E0                    i1l862 0050                    i1l854 003F  
                  i1l846 001C                    i1l864 0051                    i1l856 0045  
                  i1l848 0027                    i1l858 004B                    u20_20 0027  
                  u20_21 0026                    u21_20 0033                    u21_21 0032  
                  u22_20 003F                    u22_21 003E                    u23_20 004B  
                  u23_21 004A                    u17_20 009A                    u17_21 0099  
                  u18_20 009E                    u18_21 009D                    u19_20 001C  
                  u19_21 001B                    _PORTA 0005                    _PORTD 0008  
                  _TRISA 0085                    _TRISD 0088          ??_i2c_IntSetUpS 0020  
                  _temp1 0079          __end_of_salidas 00DB           ?_i2c_errorData 0070  
         ?_i2c_errorRead 0070                    pclath 000A                    status 0003  
                  wtemp0 007E          __initialization 000F             __end_of_main 0079  
                 ??_main 0021                ??_INT_I2C 0075                   _INTCON 000B  
                 _SSPADD 0093                   _SSPBUF 0013                   _SSPCON 0014  
       __end_of_entradas 00CC            _I2CSlave_Read 00DB                ??_salidas 0020  
                 saved_w 007E            _I2CSlave_init 00A7          ??_i2c_errorData 0070  
        ??_i2c_errorRead 0072  __end_of__initialization 0012           __pcstackCOMMON 0070  
         ?_I2CSlave_Read 0070           ?_I2CSlave_init 0070               __pnvCOMMON 007A  
             __pmaintext 0059               __pintentry 0004                  _INT_I2C 0016  
                _SSPSTAT 0094                ?_entradas 0070          ??_I2CSlave_Read 0070  
                _dato_rx 007A                  __ptext1 00CC                  __ptext2 00E8  
                __ptext3 00BB                  __ptext4 00A7                  __ptext5 0016  
                __ptext6 0091                  __ptext7 00F3                  __ptext8 0079  
                __ptext9 00DB          ??_I2CSlave_init 0020                  _salidas 00CC  
  __end_of_i2c_IntSetUpS 00F3     end_of_initialization 0012               ??_entradas 0020  
         _I2CSlave_Write 0079                _TRISCbits 0087   __end_of_I2CSlave_Write 0091  
    start_initialization 000F        I2CSlave_Read@dato 0070    __end_of_i2c_errorData 00FC  
    I2CSlave_Write@dato0 0070    __end_of_i2c_errorRead 00A7          ?_I2CSlave_Write 0070  
            __pbssCOMMON 0077                 ?_INT_I2C 0070                ___latbits 0002  
          __pcstackBANK0 0020     I2CSlave_init@address 0020                 ?_salidas 0070  
      interrupt_function 0004                 _PIE1bits 008C                 _PIE2bits 008D  
               _PIR1bits 000C                 _PIR2bits 000D    __end_of_I2CSlave_Read 00E8  
  __end_of_I2CSlave_init 00BB        _i2c_errorRead$288 0074         ??_I2CSlave_Write 0070  
               _entradas 00BB            _i2c_IntSetUpS 00E8                 intlevel1 0000  
         ?_i2c_IntSetUpS 0070               _SSPCONbits 0014  
